[2026-06-18T10:05:28.563Z] Starting Fog Energy Optimizer...
[2026-06-18T10:05:28.565Z] Connecting to MQTT broker at mqtt://localhost:1883
[2026-06-18T10:05:28.596Z] MQTT connected. Subscribing to topic: iot-data
[2026-06-18T10:05:31.602Z] [OPTIMIZE] Gateway gw-01 is idle (idle: 1781777131.6s). Pausing to save energy...
[2026-06-18T10:05:31.604Z] [OPTIMIZE] Gateway gw-02 is idle (idle: 1781777131.6s). Pausing to save energy...
[2026-06-18T10:05:31.605Z] [OPTIMIZE] Gateway gw-03 is idle (idle: 1781777131.6s). Pausing to save energy...
[2026-06-18T10:05:31.605Z] [OPTIMIZE] Gateway gw-04 is idle (idle: 1781777131.6s). Pausing to save energy...
[2026-06-18T10:05:31.606Z] [OPTIMIZE] Gateway gw-05 is idle (idle: 1781777131.6s). Pausing to save energy...
[2026-06-18T10:05:31.607Z] [OPTIMIZE] Gateway gw-06 is idle (idle: 1781777131.6s). Pausing to save energy...
[2026-06-18T10:05:31.609Z] [OPTIMIZE] Gateway gw-07 is idle (idle: 1781777131.6s). Pausing to save energy...
[2026-06-18T10:05:31.610Z] [OPTIMIZE] Gateway gw-08 is idle (idle: 1781777131.6s). Pausing to save energy...
[2026-06-18T10:05:31.758Z] [SUCCESS] Gateway gw-02 successfully paused.
[2026-06-18T10:05:31.771Z] [SUCCESS] Gateway gw-04 successfully paused.
[2026-06-18T10:05:31.773Z] [SUCCESS] Gateway gw-07 successfully paused.
[2026-06-18T10:05:31.774Z] [SUCCESS] Gateway gw-08 successfully paused.
[2026-06-18T10:05:31.774Z] [SUCCESS] Gateway gw-06 successfully paused.
[2026-06-18T10:05:31.775Z] [SUCCESS] Gateway gw-05 successfully paused.
[2026-06-18T10:05:31.775Z] [SUCCESS] Gateway gw-01 successfully paused.
[2026-06-18T10:05:31.776Z] [SUCCESS] Gateway gw-03 successfully paused.
[2026-06-18T10:05:34.602Z] [OPTIMIZE] Gateway gw-01 is idle (idle: 1781777134.6s). Pausing to save energy...
[2026-06-18T10:05:34.603Z] [OPTIMIZE] Gateway gw-02 is idle (idle: 1781777134.6s). Pausing to save energy...
[2026-06-18T10:05:34.604Z] [OPTIMIZE] Gateway gw-03 is idle (idle: 1781777134.6s). Pausing to save energy...
[2026-06-18T10:05:34.604Z] [OPTIMIZE] Gateway gw-04 is idle (idle: 1781777134.6s). Pausing to save energy...
[2026-06-18T10:05:34.605Z] [OPTIMIZE] Gateway gw-05 is idle (idle: 1781777134.6s). Pausing to save energy...
[2026-06-18T10:05:34.605Z] [OPTIMIZE] Gateway gw-06 is idle (idle: 1781777134.6s). Pausing to save energy...
[2026-06-18T10:05:34.607Z] [OPTIMIZE] Gateway gw-07 is idle (idle: 1781777134.6s). Pausing to save energy...
[2026-06-18T10:05:34.607Z] [OPTIMIZE] Gateway gw-08 is idle (idle: 1781777134.6s). Pausing to save energy...
[2026-06-18T10:05:34.741Z] [ERROR] Failed to pause gw-04: Command failed: docker compose -f docker-compose.gateway.yml --env-file .env.gateway pause gw-04
time="2026-06-18T17:05:34+07:00" level=warning msg="/Users/nguyenbao/stormsmarthome2/docker-compose.gateway.yml: the attribute `version` is obsolete, it will be ignored, please remove it to avoid potential confusion"
Error response from daemon: container ff0806f2ff25dfc9d8c695a64cf600dc79981c9611b1540d2b3bedff027448f0 is already paused

[2026-06-18T10:05:34.741Z] [ERROR] Failed to pause gw-06: Command failed: docker compose -f docker-compose.gateway.yml --env-file .env.gateway pause gw-06
time="2026-06-18T17:05:34+07:00" level=warning msg="/Users/nguyenbao/stormsmarthome2/docker-compose.gateway.yml: the attribute `version` is obsolete, it will be ignored, please remove it to avoid potential confusion"
Error response from daemon: container 065fec535ab07030ec057e24a3790709cedb27dd88072b7d28872dbc0b109ed7 is already paused

[2026-06-18T10:05:34.741Z] [ERROR] Failed to pause gw-02: Command failed: docker compose -f docker-compose.gateway.yml --env-file .env.gateway pause gw-02
time="2026-06-18T17:05:34+07:00" level=warning msg="/Users/nguyenbao/stormsmarthome2/docker-compose.gateway.yml: the attribute `version` is obsolete, it will be ignored, please remove it to avoid potential confusion"
Error response from daemon: container 913d886492ff6daadf44a86836c3c8de796818120c8f6b1302bf33b1b4356a28 is already paused

[2026-06-18T10:05:34.742Z] [ERROR] Failed to pause gw-05: Command failed: docker compose -f docker-compose.gateway.yml --env-file .env.gateway pause gw-05
time="2026-06-18T17:05:34+07:00" level=warning msg="/Users/nguyenbao/stormsmarthome2/docker-compose.gateway.yml: the attribute `version` is obsolete, it will be ignored, please remove it to avoid potential confusion"
Error response from daemon: container 5fbff0a8588323a3908b5faa35b86d74b4e85e1c6c89b2894c1a806eac45102f is already paused

[2026-06-18T10:05:34.743Z] [ERROR] Failed to pause gw-07: Command failed: docker compose -f docker-compose.gateway.yml --env-file .env.gateway pause gw-07
time="2026-06-18T17:05:34+07:00" level=warning msg="/Users/nguyenbao/stormsmarthome2/docker-compose.gateway.yml: the attribute `version` is obsolete, it will be ignored, please remove it to avoid potential confusion"
Error response from daemon: container 249cc2aba73001acf25a6662d9a794716e22ad118cf08e609d90dc5a27b1239f is already paused

[2026-06-18T10:05:34.743Z] [ERROR] Failed to pause gw-03: Command failed: docker compose -f docker-compose.gateway.yml --env-file .env.gateway pause gw-03
time="2026-06-18T17:05:34+07:00" level=warning msg="/Users/nguyenbao/stormsmarthome2/docker-compose.gateway.yml: the attribute `version` is obsolete, it will be ignored, please remove it to avoid potential confusion"
Error response from daemon: container b7c26837be5be46546161c600173024e91009cda17e11bb2dd40a22984d60842 is already paused

[2026-06-18T10:05:34.743Z] [ERROR] Failed to pause gw-08: Command failed: docker compose -f docker-compose.gateway.yml --env-file .env.gateway pause gw-08
time="2026-06-18T17:05:34+07:00" level=warning msg="/Users/nguyenbao/stormsmarthome2/docker-compose.gateway.yml: the attribute `version` is obsolete, it will be ignored, please remove it to avoid potential confusion"
Error response from daemon: container d5e06cf8412d922d17cd2bed9776fb1905faf14a22467ce2fda3167eed157099 is already paused

[2026-06-18T10:05:34.744Z] [ERROR] Failed to pause gw-01: Command failed: docker compose -f docker-compose.gateway.yml --env-file .env.gateway pause gw-01
time="2026-06-18T17:05:34+07:00" level=warning msg="/Users/nguyenbao/stormsmarthome2/docker-compose.gateway.yml: the attribute `version` is obsolete, it will be ignored, please remove it to avoid potential confusion"
Error response from daemon: container 2c59ca716833690f1583cedb3345bcb9fdfb40a4f62b77e4eab7642bf2664228 is already paused

[2026-06-18T10:05:37.604Z] [OPTIMIZE] Gateway gw-01 is idle (idle: 1781777137.6s). Pausing to save energy...
[2026-06-18T10:05:37.605Z] [OPTIMIZE] Gateway gw-02 is idle (idle: 1781777137.6s). Pausing to save energy...
[2026-06-18T10:05:37.606Z] [OPTIMIZE] Gateway gw-03 is idle (idle: 1781777137.6s). Pausing to save energy...
[2026-06-18T10:05:37.607Z] [OPTIMIZE] Gateway gw-04 is idle (idle: 1781777137.6s). Pausing to save energy...
[2026-06-18T10:05:37.608Z] [OPTIMIZE] Gateway gw-05 is idle (idle: 1781777137.6s). Pausing to save energy...
[2026-06-18T10:05:37.609Z] [OPTIMIZE] Gateway gw-06 is idle (idle: 1781777137.6s). Pausing to save energy...
[2026-06-18T10:05:37.610Z] [OPTIMIZE] Gateway gw-07 is idle (idle: 1781777137.6s). Pausing to save energy...
[2026-06-18T10:05:37.611Z] [OPTIMIZE] Gateway gw-08 is idle (idle: 1781777137.6s). Pausing to save energy...
[2026-06-18T10:05:37.760Z] [ERROR] Failed to pause gw-01: Command failed: docker compose -f docker-compose.gateway.yml --env-file .env.gateway pause gw-01
time="2026-06-18T17:05:37+07:00" level=warning msg="/Users/nguyenbao/stormsmarthome2/docker-compose.gateway.yml: the attribute `version` is obsolete, it will be ignored, please remove it to avoid potential confusion"
Error response from daemon: container 2c59ca716833690f1583cedb3345bcb9fdfb40a4f62b77e4eab7642bf2664228 is already paused

[2026-06-18T10:05:37.760Z] [ERROR] Failed to pause gw-02: Command failed: docker compose -f docker-compose.gateway.yml --env-file .env.gateway pause gw-02
time="2026-06-18T17:05:37+07:00" level=warning msg="/Users/nguyenbao/stormsmarthome2/docker-compose.gateway.yml: the attribute `version` is obsolete, it will be ignored, please remove it to avoid potential confusion"
Error response from daemon: container 913d886492ff6daadf44a86836c3c8de796818120c8f6b1302bf33b1b4356a28 is already paused

[2026-06-18T10:05:37.761Z] [ERROR] Failed to pause gw-04: Command failed: docker compose -f docker-compose.gateway.yml --env-file .env.gateway pause gw-04
time="2026-06-18T17:05:37+07:00" level=warning msg="/Users/nguyenbao/stormsmarthome2/docker-compose.gateway.yml: the attribute `version` is obsolete, it will be ignored, please remove it to avoid potential confusion"
Error response from daemon: container ff0806f2ff25dfc9d8c695a64cf600dc79981c9611b1540d2b3bedff027448f0 is already paused

[2026-06-18T10:05:37.761Z] [ERROR] Failed to pause gw-03: Command failed: docker compose -f docker-compose.gateway.yml --env-file .env.gateway pause gw-03
time="2026-06-18T17:05:37+07:00" level=warning msg="/Users/nguyenbao/stormsmarthome2/docker-compose.gateway.yml: the attribute `version` is obsolete, it will be ignored, please remove it to avoid potential confusion"
Error response from daemon: container b7c26837be5be46546161c600173024e91009cda17e11bb2dd40a22984d60842 is already paused

[2026-06-18T10:05:37.762Z] [ERROR] Failed to pause gw-08: Command failed: docker compose -f docker-compose.gateway.yml --env-file .env.gateway pause gw-08
time="2026-06-18T17:05:37+07:00" level=warning msg="/Users/nguyenbao/stormsmarthome2/docker-compose.gateway.yml: the attribute `version` is obsolete, it will be ignored, please remove it to avoid potential confusion"
Error response from daemon: container d5e06cf8412d922d17cd2bed9776fb1905faf14a22467ce2fda3167eed157099 is already paused

[2026-06-18T10:05:37.762Z] [ERROR] Failed to pause gw-07: Command failed: docker compose -f docker-compose.gateway.yml --env-file .env.gateway pause gw-07
time="2026-06-18T17:05:37+07:00" level=warning msg="/Users/nguyenbao/stormsmarthome2/docker-compose.gateway.yml: the attribute `version` is obsolete, it will be ignored, please remove it to avoid potential confusion"
Error response from daemon: container 249cc2aba73001acf25a6662d9a794716e22ad118cf08e609d90dc5a27b1239f is already paused

[2026-06-18T10:05:37.762Z] [ERROR] Failed to pause gw-06: Command failed: docker compose -f docker-compose.gateway.yml --env-file .env.gateway pause gw-06
time="2026-06-18T17:05:37+07:00" level=warning msg="/Users/nguyenbao/stormsmarthome2/docker-compose.gateway.yml: the attribute `version` is obsolete, it will be ignored, please remove it to avoid potential confusion"
Error response from daemon: container 065fec535ab07030ec057e24a3790709cedb27dd88072b7d28872dbc0b109ed7 is already paused

[2026-06-18T10:05:37.762Z] [ERROR] Failed to pause gw-05: Command failed: docker compose -f docker-compose.gateway.yml --env-file .env.gateway pause gw-05
time="2026-06-18T17:05:37+07:00" level=warning msg="/Users/nguyenbao/stormsmarthome2/docker-compose.gateway.yml: the attribute `version` is obsolete, it will be ignored, please remove it to avoid potential confusion"
Error response from daemon: container 5fbff0a8588323a3908b5faa35b86d74b4e85e1c6c89b2894c1a806eac45102f is already paused

[2026-06-18T10:05:40.603Z] [OPTIMIZE] Gateway gw-01 is idle (idle: 1781777140.6s). Pausing to save energy...
[2026-06-18T10:05:40.604Z] [OPTIMIZE] Gateway gw-02 is idle (idle: 1781777140.6s). Pausing to save energy...
[2026-06-18T10:05:40.605Z] [OPTIMIZE] Gateway gw-03 is idle (idle: 1781777140.6s). Pausing to save energy...
[2026-06-18T10:05:40.605Z] [OPTIMIZE] Gateway gw-04 is idle (idle: 1781777140.6s). Pausing to save energy...
[2026-06-18T10:05:40.606Z] [OPTIMIZE] Gateway gw-05 is idle (idle: 1781777140.6s). Pausing to save energy...
[2026-06-18T10:05:40.607Z] [OPTIMIZE] Gateway gw-06 is idle (idle: 1781777140.6s). Pausing to save energy...
[2026-06-18T10:05:40.608Z] [OPTIMIZE] Gateway gw-07 is idle (idle: 1781777140.6s). Pausing to save energy...
[2026-06-18T10:05:40.608Z] [OPTIMIZE] Gateway gw-08 is idle (idle: 1781777140.6s). Pausing to save energy...
[2026-06-18T10:05:40.725Z] [ERROR] Failed to pause gw-05: Command failed: docker compose -f docker-compose.gateway.yml --env-file .env.gateway pause gw-05
time="2026-06-18T17:05:40+07:00" level=warning msg="/Users/nguyenbao/stormsmarthome2/docker-compose.gateway.yml: the attribute `version` is obsolete, it will be ignored, please remove it to avoid potential confusion"
Error response from daemon: container 5fbff0a8588323a3908b5faa35b86d74b4e85e1c6c89b2894c1a806eac45102f is already paused

[2026-06-18T10:05:40.725Z] [ERROR] Failed to pause gw-03: Command failed: docker compose -f docker-compose.gateway.yml --env-file .env.gateway pause gw-03
time="2026-06-18T17:05:40+07:00" level=warning msg="/Users/nguyenbao/stormsmarthome2/docker-compose.gateway.yml: the attribute `version` is obsolete, it will be ignored, please remove it to avoid potential confusion"
Error response from daemon: container b7c26837be5be46546161c600173024e91009cda17e11bb2dd40a22984d60842 is already paused

[2026-06-18T10:05:40.725Z] [ERROR] Failed to pause gw-08: Command failed: docker compose -f docker-compose.gateway.yml --env-file .env.gateway pause gw-08
time="2026-06-18T17:05:40+07:00" level=warning msg="/Users/nguyenbao/stormsmarthome2/docker-compose.gateway.yml: the attribute `version` is obsolete, it will be ignored, please remove it to avoid potential confusion"
Error response from daemon: container d5e06cf8412d922d17cd2bed9776fb1905faf14a22467ce2fda3167eed157099 is already paused

[2026-06-18T10:05:40.725Z] [ERROR] Failed to pause gw-01: Command failed: docker compose -f docker-compose.gateway.yml --env-file .env.gateway pause gw-01
time="2026-06-18T17:05:40+07:00" level=warning msg="/Users/nguyenbao/stormsmarthome2/docker-compose.gateway.yml: the attribute `version` is obsolete, it will be ignored, please remove it to avoid potential confusion"
Error response from daemon: container 2c59ca716833690f1583cedb3345bcb9fdfb40a4f62b77e4eab7642bf2664228 is already paused

[2026-06-18T10:05:40.725Z] [ERROR] Failed to pause gw-04: Command failed: docker compose -f docker-compose.gateway.yml --env-file .env.gateway pause gw-04
time="2026-06-18T17:05:40+07:00" level=warning msg="/Users/nguyenbao/stormsmarthome2/docker-compose.gateway.yml: the attribute `version` is obsolete, it will be ignored, please remove it to avoid potential confusion"
Error response from daemon: container ff0806f2ff25dfc9d8c695a64cf600dc79981c9611b1540d2b3bedff027448f0 is already paused

[2026-06-18T10:05:40.725Z] [ERROR] Failed to pause gw-06: Command failed: docker compose -f docker-compose.gateway.yml --env-file .env.gateway pause gw-06
time="2026-06-18T17:05:40+07:00" level=warning msg="/Users/nguyenbao/stormsmarthome2/docker-compose.gateway.yml: the attribute `version` is obsolete, it will be ignored, please remove it to avoid potential confusion"
Error response from daemon: container 065fec535ab07030ec057e24a3790709cedb27dd88072b7d28872dbc0b109ed7 is already paused

[2026-06-18T10:05:40.726Z] [ERROR] Failed to pause gw-02: Command failed: docker compose -f docker-compose.gateway.yml --env-file .env.gateway pause gw-02
time="2026-06-18T17:05:40+07:00" level=warning msg="/Users/nguyenbao/stormsmarthome2/docker-compose.gateway.yml: the attribute `version` is obsolete, it will be ignored, please remove it to avoid potential confusion"
Error response from daemon: container 913d886492ff6daadf44a86836c3c8de796818120c8f6b1302bf33b1b4356a28 is already paused

[2026-06-18T10:05:40.726Z] [ERROR] Failed to pause gw-07: Command failed: docker compose -f docker-compose.gateway.yml --env-file .env.gateway pause gw-07
time="2026-06-18T17:05:40+07:00" level=warning msg="/Users/nguyenbao/stormsmarthome2/docker-compose.gateway.yml: the attribute `version` is obsolete, it will be ignored, please remove it to avoid potential confusion"
Error response from daemon: container 249cc2aba73001acf25a6662d9a794716e22ad118cf08e609d90dc5a27b1239f is already paused

[2026-06-18T10:05:43.605Z] [OPTIMIZE] Gateway gw-01 is idle (idle: 1781777143.6s). Pausing to save energy...
[2026-06-18T10:05:43.606Z] [OPTIMIZE] Gateway gw-02 is idle (idle: 1781777143.6s). Pausing to save energy...
[2026-06-18T10:05:43.607Z] [OPTIMIZE] Gateway gw-03 is idle (idle: 1781777143.6s). Pausing to save energy...
[2026-06-18T10:05:43.608Z] [OPTIMIZE] Gateway gw-04 is idle (idle: 1781777143.6s). Pausing to save energy...
[2026-06-18T10:05:43.608Z] [OPTIMIZE] Gateway gw-05 is idle (idle: 1781777143.6s). Pausing to save energy...
[2026-06-18T10:05:43.609Z] [OPTIMIZE] Gateway gw-06 is idle (idle: 1781777143.6s). Pausing to save energy...
[2026-06-18T10:05:43.609Z] [OPTIMIZE] Gateway gw-07 is idle (idle: 1781777143.6s). Pausing to save energy...
[2026-06-18T10:05:43.610Z] [OPTIMIZE] Gateway gw-08 is idle (idle: 1781777143.6s). Pausing to save energy...
[2026-06-18T10:05:43.704Z] [ERROR] Failed to pause gw-04: Command failed: docker compose -f docker-compose.gateway.yml --env-file .env.gateway pause gw-04
time="2026-06-18T17:05:43+07:00" level=warning msg="/Users/nguyenbao/stormsmarthome2/docker-compose.gateway.yml: the attribute `version` is obsolete, it will be ignored, please remove it to avoid potential confusion"
Error response from daemon: container ff0806f2ff25dfc9d8c695a64cf600dc79981c9611b1540d2b3bedff027448f0 is already paused

[2026-06-18T10:05:43.706Z] [ERROR] Failed to pause gw-02: Command failed: docker compose -f docker-compose.gateway.yml --env-file .env.gateway pause gw-02
time="2026-06-18T17:05:43+07:00" level=warning msg="/Users/nguyenbao/stormsmarthome2/docker-compose.gateway.yml: the attribute `version` is obsolete, it will be ignored, please remove it to avoid potential confusion"
Error response from daemon: container 913d886492ff6daadf44a86836c3c8de796818120c8f6b1302bf33b1b4356a28 is already paused

[2026-06-18T10:05:43.708Z] [ERROR] Failed to pause gw-05: Command failed: docker compose -f docker-compose.gateway.yml --env-file .env.gateway pause gw-05
time="2026-06-18T17:05:43+07:00" level=warning msg="/Users/nguyenbao/stormsmarthome2/docker-compose.gateway.yml: the attribute `version` is obsolete, it will be ignored, please remove it to avoid potential confusion"
Error response from daemon: container 5fbff0a8588323a3908b5faa35b86d74b4e85e1c6c89b2894c1a806eac45102f is already paused

[2026-06-18T10:05:43.709Z] [ERROR] Failed to pause gw-07: Command failed: docker compose -f docker-compose.gateway.yml --env-file .env.gateway pause gw-07
time="2026-06-18T17:05:43+07:00" level=warning msg="/Users/nguyenbao/stormsmarthome2/docker-compose.gateway.yml: the attribute `version` is obsolete, it will be ignored, please remove it to avoid potential confusion"
Error response from daemon: container 249cc2aba73001acf25a6662d9a794716e22ad118cf08e609d90dc5a27b1239f is already paused

[2026-06-18T10:05:43.709Z] [ERROR] Failed to pause gw-08: Command failed: docker compose -f docker-compose.gateway.yml --env-file .env.gateway pause gw-08
time="2026-06-18T17:05:43+07:00" level=warning msg="/Users/nguyenbao/stormsmarthome2/docker-compose.gateway.yml: the attribute `version` is obsolete, it will be ignored, please remove it to avoid potential confusion"
Error response from daemon: container d5e06cf8412d922d17cd2bed9776fb1905faf14a22467ce2fda3167eed157099 is already paused

[2026-06-18T10:05:43.709Z] [ERROR] Failed to pause gw-06: Command failed: docker compose -f docker-compose.gateway.yml --env-file .env.gateway pause gw-06
time="2026-06-18T17:05:43+07:00" level=warning msg="/Users/nguyenbao/stormsmarthome2/docker-compose.gateway.yml: the attribute `version` is obsolete, it will be ignored, please remove it to avoid potential confusion"
Error response from daemon: container 065fec535ab07030ec057e24a3790709cedb27dd88072b7d28872dbc0b109ed7 is already paused

[2026-06-18T10:05:43.709Z] [ERROR] Failed to pause gw-03: Command failed: docker compose -f docker-compose.gateway.yml --env-file .env.gateway pause gw-03
time="2026-06-18T17:05:43+07:00" level=warning msg="/Users/nguyenbao/stormsmarthome2/docker-compose.gateway.yml: the attribute `version` is obsolete, it will be ignored, please remove it to avoid potential confusion"
Error response from daemon: container b7c26837be5be46546161c600173024e91009cda17e11bb2dd40a22984d60842 is already paused

[2026-06-18T10:05:43.709Z] [ERROR] Failed to pause gw-01: Command failed: docker compose -f docker-compose.gateway.yml --env-file .env.gateway pause gw-01
time="2026-06-18T17:05:43+07:00" level=warning msg="/Users/nguyenbao/stormsmarthome2/docker-compose.gateway.yml: the attribute `version` is obsolete, it will be ignored, please remove it to avoid potential confusion"
Error response from daemon: container 2c59ca716833690f1583cedb3345bcb9fdfb40a4f62b77e4eab7642bf2664228 is already paused

[2026-06-18T10:05:46.605Z] [OPTIMIZE] Gateway gw-01 is idle (idle: 1781777146.6s). Pausing to save energy...
[2026-06-18T10:05:46.605Z] [OPTIMIZE] Gateway gw-02 is idle (idle: 1781777146.6s). Pausing to save energy...
[2026-06-18T10:05:46.606Z] [OPTIMIZE] Gateway gw-03 is idle (idle: 1781777146.6s). Pausing to save energy...
[2026-06-18T10:05:46.607Z] [OPTIMIZE] Gateway gw-04 is idle (idle: 1781777146.6s). Pausing to save energy...
[2026-06-18T10:05:46.607Z] [OPTIMIZE] Gateway gw-05 is idle (idle: 1781777146.6s). Pausing to save energy...
[2026-06-18T10:05:46.609Z] [OPTIMIZE] Gateway gw-06 is idle (idle: 1781777146.6s). Pausing to save energy...
[2026-06-18T10:05:46.610Z] [OPTIMIZE] Gateway gw-07 is idle (idle: 1781777146.6s). Pausing to save energy...
[2026-06-18T10:05:46.611Z] [OPTIMIZE] Gateway gw-08 is idle (idle: 1781777146.6s). Pausing to save energy...
[2026-06-18T10:05:46.727Z] [ERROR] Failed to pause gw-05: Command failed: docker compose -f docker-compose.gateway.yml --env-file .env.gateway pause gw-05
time="2026-06-18T17:05:46+07:00" level=warning msg="/Users/nguyenbao/stormsmarthome2/docker-compose.gateway.yml: the attribute `version` is obsolete, it will be ignored, please remove it to avoid potential confusion"
Error response from daemon: container 5fbff0a8588323a3908b5faa35b86d74b4e85e1c6c89b2894c1a806eac45102f is already paused

[2026-06-18T10:05:46.729Z] [ERROR] Failed to pause gw-03: Command failed: docker compose -f docker-compose.gateway.yml --env-file .env.gateway pause gw-03
time="2026-06-18T17:05:46+07:00" level=warning msg="/Users/nguyenbao/stormsmarthome2/docker-compose.gateway.yml: the attribute `version` is obsolete, it will be ignored, please remove it to avoid potential confusion"
Error response from daemon: container b7c26837be5be46546161c600173024e91009cda17e11bb2dd40a22984d60842 is already paused

[2026-06-18T10:05:46.730Z] [ERROR] Failed to pause gw-04: Command failed: docker compose -f docker-compose.gateway.yml --env-file .env.gateway pause gw-04
time="2026-06-18T17:05:46+07:00" level=warning msg="/Users/nguyenbao/stormsmarthome2/docker-compose.gateway.yml: the attribute `version` is obsolete, it will be ignored, please remove it to avoid potential confusion"
Error response from daemon: container ff0806f2ff25dfc9d8c695a64cf600dc79981c9611b1540d2b3bedff027448f0 is already paused

[2026-06-18T10:05:46.730Z] [ERROR] Failed to pause gw-02: Command failed: docker compose -f docker-compose.gateway.yml --env-file .env.gateway pause gw-02
time="2026-06-18T17:05:46+07:00" level=warning msg="/Users/nguyenbao/stormsmarthome2/docker-compose.gateway.yml: the attribute `version` is obsolete, it will be ignored, please remove it to avoid potential confusion"
Error response from daemon: container 913d886492ff6daadf44a86836c3c8de796818120c8f6b1302bf33b1b4356a28 is already paused

[2026-06-18T10:05:46.733Z] [ERROR] Failed to pause gw-01: Command failed: docker compose -f docker-compose.gateway.yml --env-file .env.gateway pause gw-01
time="2026-06-18T17:05:46+07:00" level=warning msg="/Users/nguyenbao/stormsmarthome2/docker-compose.gateway.yml: the attribute `version` is obsolete, it will be ignored, please remove it to avoid potential confusion"
Error response from daemon: container 2c59ca716833690f1583cedb3345bcb9fdfb40a4f62b77e4eab7642bf2664228 is already paused

[2026-06-18T10:05:46.741Z] [ERROR] Failed to pause gw-07: Command failed: docker compose -f docker-compose.gateway.yml --env-file .env.gateway pause gw-07
time="2026-06-18T17:05:46+07:00" level=warning msg="/Users/nguyenbao/stormsmarthome2/docker-compose.gateway.yml: the attribute `version` is obsolete, it will be ignored, please remove it to avoid potential confusion"
Error response from daemon: container 249cc2aba73001acf25a6662d9a794716e22ad118cf08e609d90dc5a27b1239f is already paused

[2026-06-18T10:05:46.743Z] [ERROR] Failed to pause gw-08: Command failed: docker compose -f docker-compose.gateway.yml --env-file .env.gateway pause gw-08
time="2026-06-18T17:05:46+07:00" level=warning msg="/Users/nguyenbao/stormsmarthome2/docker-compose.gateway.yml: the attribute `version` is obsolete, it will be ignored, please remove it to avoid potential confusion"
Error response from daemon: container d5e06cf8412d922d17cd2bed9776fb1905faf14a22467ce2fda3167eed157099 is already paused

[2026-06-18T10:05:46.747Z] [ERROR] Failed to pause gw-06: Command failed: docker compose -f docker-compose.gateway.yml --env-file .env.gateway pause gw-06
time="2026-06-18T17:05:46+07:00" level=warning msg="/Users/nguyenbao/stormsmarthome2/docker-compose.gateway.yml: the attribute `version` is obsolete, it will be ignored, please remove it to avoid potential confusion"
Error response from daemon: container 065fec535ab07030ec057e24a3790709cedb27dd88072b7d28872dbc0b109ed7 is already paused

[2026-06-18T10:05:49.607Z] [OPTIMIZE] Gateway gw-02 is idle (idle: 1781777149.6s). Pausing to save energy...
[2026-06-18T10:05:49.609Z] [OPTIMIZE] Gateway gw-03 is idle (idle: 1781777149.6s). Pausing to save energy...
[2026-06-18T10:05:49.611Z] [OPTIMIZE] Gateway gw-04 is idle (idle: 1781777149.6s). Pausing to save energy...
[2026-06-18T10:05:49.611Z] [OPTIMIZE] Gateway gw-05 is idle (idle: 1781777149.6s). Pausing to save energy...
[2026-06-18T10:05:49.612Z] [OPTIMIZE] Gateway gw-06 is idle (idle: 1781777149.6s). Pausing to save energy...
[2026-06-18T10:05:49.612Z] [OPTIMIZE] Gateway gw-07 is idle (idle: 1781777149.6s). Pausing to save energy...
[2026-06-18T10:05:49.613Z] [OPTIMIZE] Gateway gw-08 is idle (idle: 1781777149.6s). Pausing to save energy...
[2026-06-18T10:05:49.725Z] [ERROR] Failed to pause gw-03: Command failed: docker compose -f docker-compose.gateway.yml --env-file .env.gateway pause gw-03
time="2026-06-18T17:05:49+07:00" level=warning msg="/Users/nguyenbao/stormsmarthome2/docker-compose.gateway.yml: the attribute `version` is obsolete, it will be ignored, please remove it to avoid potential confusion"
Error response from daemon: container b7c26837be5be46546161c600173024e91009cda17e11bb2dd40a22984d60842 is already paused

[2026-06-18T10:05:49.725Z] [ERROR] Failed to pause gw-05: Command failed: docker compose -f docker-compose.gateway.yml --env-file .env.gateway pause gw-05
time="2026-06-18T17:05:49+07:00" level=warning msg="/Users/nguyenbao/stormsmarthome2/docker-compose.gateway.yml: the attribute `version` is obsolete, it will be ignored, please remove it to avoid potential confusion"
Error response from daemon: container 5fbff0a8588323a3908b5faa35b86d74b4e85e1c6c89b2894c1a806eac45102f is already paused

[2026-06-18T10:05:49.726Z] [ERROR] Failed to pause gw-07: Command failed: docker compose -f docker-compose.gateway.yml --env-file .env.gateway pause gw-07
time="2026-06-18T17:05:49+07:00" level=warning msg="/Users/nguyenbao/stormsmarthome2/docker-compose.gateway.yml: the attribute `version` is obsolete, it will be ignored, please remove it to avoid potential confusion"
Error response from daemon: container 249cc2aba73001acf25a6662d9a794716e22ad118cf08e609d90dc5a27b1239f is already paused

[2026-06-18T10:05:49.726Z] [ERROR] Failed to pause gw-02: Command failed: docker compose -f docker-compose.gateway.yml --env-file .env.gateway pause gw-02
time="2026-06-18T17:05:49+07:00" level=warning msg="/Users/nguyenbao/stormsmarthome2/docker-compose.gateway.yml: the attribute `version` is obsolete, it will be ignored, please remove it to avoid potential confusion"
Error response from daemon: container 913d886492ff6daadf44a86836c3c8de796818120c8f6b1302bf33b1b4356a28 is already paused

[2026-06-18T10:05:49.727Z] [ERROR] Failed to pause gw-08: Command failed: docker compose -f docker-compose.gateway.yml --env-file .env.gateway pause gw-08
time="2026-06-18T17:05:49+07:00" level=warning msg="/Users/nguyenbao/stormsmarthome2/docker-compose.gateway.yml: the attribute `version` is obsolete, it will be ignored, please remove it to avoid potential confusion"
Error response from daemon: container d5e06cf8412d922d17cd2bed9776fb1905faf14a22467ce2fda3167eed157099 is already paused

[2026-06-18T10:05:49.727Z] [ERROR] Failed to pause gw-04: Command failed: docker compose -f docker-compose.gateway.yml --env-file .env.gateway pause gw-04
time="2026-06-18T17:05:49+07:00" level=warning msg="/Users/nguyenbao/stormsmarthome2/docker-compose.gateway.yml: the attribute `version` is obsolete, it will be ignored, please remove it to avoid potential confusion"
Error response from daemon: container ff0806f2ff25dfc9d8c695a64cf600dc79981c9611b1540d2b3bedff027448f0 is already paused

[2026-06-18T10:05:49.727Z] [ERROR] Failed to pause gw-06: Command failed: docker compose -f docker-compose.gateway.yml --env-file .env.gateway pause gw-06
time="2026-06-18T17:05:49+07:00" level=warning msg="/Users/nguyenbao/stormsmarthome2/docker-compose.gateway.yml: the attribute `version` is obsolete, it will be ignored, please remove it to avoid potential confusion"
Error response from daemon: container 065fec535ab07030ec057e24a3790709cedb27dd88072b7d28872dbc0b109ed7 is already paused

[2026-06-18T10:06:17.804Z] Starting Fog Energy Optimizer...
[2026-06-18T10:06:17.806Z] Connecting to MQTT broker at mqtt://localhost:1883
[2026-06-18T10:06:17.846Z] MQTT connected. Subscribing to topic: iot-data
[2026-06-18T10:06:17.963Z] [OPTIMIZE] Gateway gw-01 is idle (idle: 1781777177.9s). Pausing to save energy...
[2026-06-18T10:06:17.965Z] [OPTIMIZE] Gateway gw-02 is idle (idle: 1781777177.9s). Pausing to save energy...
[2026-06-18T10:06:17.965Z] [OPTIMIZE] Gateway gw-03 is idle (idle: 1781777177.9s). Pausing to save energy...
[2026-06-18T10:06:17.966Z] [OPTIMIZE] Gateway gw-04 is idle (idle: 1781777177.9s). Pausing to save energy...
[2026-06-18T10:06:17.967Z] [OPTIMIZE] Gateway gw-05 is idle (idle: 1781777177.9s). Pausing to save energy...
[2026-06-18T10:06:17.967Z] [OPTIMIZE] Gateway gw-06 is idle (idle: 1781777177.9s). Pausing to save energy...
[2026-06-18T10:06:17.968Z] [OPTIMIZE] Gateway gw-07 is idle (idle: 1781777177.9s). Pausing to save energy...
[2026-06-18T10:06:17.969Z] [OPTIMIZE] Gateway gw-08 is idle (idle: 1781777177.9s). Pausing to save energy...
[2026-06-18T10:06:18.069Z] [SUCCESS] Gateway gw-02 successfully paused.
[2026-06-18T10:06:18.085Z] [SUCCESS] Gateway gw-04 successfully paused.
[2026-06-18T10:06:18.086Z] [SUCCESS] Gateway gw-03 successfully paused.
[2026-06-18T10:06:18.090Z] [SUCCESS] Gateway gw-01 successfully paused.
[2026-06-18T10:06:18.090Z] [SUCCESS] Gateway gw-05 successfully paused.
[2026-06-18T10:06:18.094Z] [SUCCESS] Gateway gw-08 successfully paused.
[2026-06-18T10:06:18.101Z] [SUCCESS] Gateway gw-07 successfully paused.
[2026-06-18T10:06:18.101Z] [SUCCESS] Gateway gw-06 successfully paused.
[2026-06-18T10:06:36.368Z] [ACTIVATE] Gateway gw-01 has active traffic (idle: 0.4s). Unpausing...
[2026-06-18T10:06:36.462Z] [SUCCESS] Gateway gw-01 is active.
